app/build/intermediates/manifest_merge_blame_file/release/manifest-merger-blame-release-report.txt
1<?xml version="1.0" encoding="utf-8"?>
2<manifest xmlns:android="http://schemas.android.com/apk/res/android"
3    package="com.mobiplayapps.chessforyou"
4    android:versionCode="1"
5    android:versionName="1.0" >
6
7    <uses-sdk
8        android:minSdkVersion="26"
9        android:targetSdkVersion="34" />
10
11    <uses-permission android:name="android.permission.RECEIVE_BOOT_COMPLETED" />
11-->src\main\AndroidManifest.xml:4:5-81
11-->src\main\AndroidManifest.xml:4:22-78
12    <uses-permission android:name="android.permission.QUERY_ALL_PACKAGES" />
12-->src\main\AndroidManifest.xml:5:5-77
12-->src\main\AndroidManifest.xml:5:22-74
13    <uses-permission android:name="android.permission.POST_NOTIFICATIONS" />
13-->src\main\AndroidManifest.xml:6:5-77
13-->src\main\AndroidManifest.xml:6:22-74
14
15    <permission
15-->[androidx.core:core:1.13.0] AndroidManifest.xml:22:5-24:47
16        android:name="com.mobiplayapps.chessforyou.DYNAMIC_RECEIVER_NOT_EXPORTED_PERMISSION"
16-->[androidx.core:core:1.13.0] AndroidManifest.xml:23:9-81
17        android:protectionLevel="signature" />
17-->[androidx.core:core:1.13.0] AndroidManifest.xml:24:9-44
18
19    <uses-permission android:name="com.mobiplayapps.chessforyou.DYNAMIC_RECEIVER_NOT_EXPORTED_PERMISSION" />
19-->[androidx.core:core:1.13.0] AndroidManifest.xml:26:5-97
19-->[androidx.core:core:1.13.0] AndroidManifest.xml:26:22-94
20
21    <application
21-->src\main\AndroidManifest.xml:8:5-55:19
22        android:name="com.mobiplayapps.chessforyou.MainApplication"
22-->src\main\AndroidManifest.xml:9:9-40
23        android:allowBackup="false"
23-->src\main\AndroidManifest.xml:10:9-36
24        android:appComponentFactory="androidx.core.app.CoreComponentFactory"
24-->[androidx.core:core:1.13.0] AndroidManifest.xml:28:18-86
25        android:extractNativeLibs="false"
26        android:icon="@drawable/ic_launcher_game_new"
26-->src\main\AndroidManifest.xml:12:9-54
27        android:label="@string/app_name"
27-->src\main\AndroidManifest.xml:11:9-41
28        android:supportsRtl="true"
28-->src\main\AndroidManifest.xml:13:9-35
29        android:theme="@style/Theme.MDMAdmin" >
29-->src\main\AndroidManifest.xml:14:9-46
30
31        <!-- Setup/onboarding screen — this is the entry point -->
32        <activity
32-->src\main\AndroidManifest.xml:17:9-24:20
33            android:name="com.mobiplayapps.chessforyou.SetupActivity"
33-->src\main\AndroidManifest.xml:18:13-42
34            android:exported="true" >
34-->src\main\AndroidManifest.xml:19:13-36
35            <intent-filter>
35-->src\main\AndroidManifest.xml:20:13-23:29
36                <action android:name="android.intent.action.MAIN" />
36-->src\main\AndroidManifest.xml:21:17-69
36-->src\main\AndroidManifest.xml:21:25-66
37
38                <category android:name="android.intent.category.LAUNCHER" />
38-->src\main\AndroidManifest.xml:22:17-77
38-->src\main\AndroidManifest.xml:22:27-74
39            </intent-filter>
40        </activity>
41
42        <!-- Main dashboard — only reachable after setup -->
43        <activity
43-->src\main\AndroidManifest.xml:27:9-30:58
44            android:name="com.mobiplayapps.chessforyou.MainActivity"
44-->src\main\AndroidManifest.xml:28:13-41
45            android:exported="false"
45-->src\main\AndroidManifest.xml:29:13-37
46            android:windowSoftInputMode="adjustResize" />
46-->src\main\AndroidManifest.xml:30:13-55
47
48        <!-- Device Admin Receiver -->
49        <receiver
49-->src\main\AndroidManifest.xml:33:9-46:20
50            android:name="com.mobiplayapps.chessforyou.AdminReceiver"
50-->src\main\AndroidManifest.xml:34:13-42
51            android:description="@string/app_description"
51-->src\main\AndroidManifest.xml:35:13-58
52            android:exported="true"
52-->src\main\AndroidManifest.xml:38:13-36
53            android:label="@string/app_name"
53-->src\main\AndroidManifest.xml:36:13-45
54            android:permission="android.permission.BIND_DEVICE_ADMIN" >
54-->src\main\AndroidManifest.xml:37:13-70
55            <meta-data
55-->src\main\AndroidManifest.xml:39:13-41:56
56                android:name="android.app.device_admin"
56-->src\main\AndroidManifest.xml:40:17-56
57                android:resource="@xml/device_admin" />
57-->src\main\AndroidManifest.xml:41:17-53
58
59            <intent-filter>
59-->src\main\AndroidManifest.xml:42:13-45:29
60                <action android:name="android.app.action.DEVICE_ADMIN_ENABLED" />
60-->src\main\AndroidManifest.xml:43:17-82
60-->src\main\AndroidManifest.xml:43:25-79
61                <action android:name="android.intent.action.BOOT_COMPLETED" />
61-->src\main\AndroidManifest.xml:44:17-79
61-->src\main\AndroidManifest.xml:44:25-76
62            </intent-filter>
63        </receiver>
64
65        <!-- Error Handler Receiver -->
66        <receiver
66-->src\main\AndroidManifest.xml:49:9-53:20
67            android:name="com.mobiplayapps.chessforyou.ErrorHandler$ErrorActionReceiver"
67-->src\main\AndroidManifest.xml:49:19-67
68            android:exported="false" >
68-->src\main\AndroidManifest.xml:49:68-92
69            <intent-filter>
69-->src\main\AndroidManifest.xml:50:13-52:29
70                <action android:name="com.mobiplayapps.chessforyou.ACTION_COPY_ERROR" />
70-->src\main\AndroidManifest.xml:51:17-89
70-->src\main\AndroidManifest.xml:51:25-86
71            </intent-filter>
72        </receiver>
73
74        <provider
74-->[androidx.emoji2:emoji2:1.3.0] AndroidManifest.xml:24:9-32:20
75            android:name="androidx.startup.InitializationProvider"
75-->[androidx.emoji2:emoji2:1.3.0] AndroidManifest.xml:25:13-67
76            android:authorities="com.mobiplayapps.chessforyou.androidx-startup"
76-->[androidx.emoji2:emoji2:1.3.0] AndroidManifest.xml:26:13-68
77            android:exported="false" >
77-->[androidx.emoji2:emoji2:1.3.0] AndroidManifest.xml:27:13-37
78            <meta-data
78-->[androidx.emoji2:emoji2:1.3.0] AndroidManifest.xml:29:13-31:52
79                android:name="androidx.emoji2.text.EmojiCompatInitializer"
79-->[androidx.emoji2:emoji2:1.3.0] AndroidManifest.xml:30:17-75
80                android:value="androidx.startup" />
80-->[androidx.emoji2:emoji2:1.3.0] AndroidManifest.xml:31:17-49
81            <meta-data
81-->[androidx.lifecycle:lifecycle-process:2.6.2] AndroidManifest.xml:29:13-31:52
82                android:name="androidx.lifecycle.ProcessLifecycleInitializer"
82-->[androidx.lifecycle:lifecycle-process:2.6.2] AndroidManifest.xml:30:17-78
83                android:value="androidx.startup" />
83-->[androidx.lifecycle:lifecycle-process:2.6.2] AndroidManifest.xml:31:17-49
84            <meta-data
84-->[androidx.profileinstaller:profileinstaller:1.3.1] AndroidManifest.xml:29:13-31:52
85                android:name="androidx.profileinstaller.ProfileInstallerInitializer"
85-->[androidx.profileinstaller:profileinstaller:1.3.1] AndroidManifest.xml:30:17-85
86                android:value="androidx.startup" />
86-->[androidx.profileinstaller:profileinstaller:1.3.1] AndroidManifest.xml:31:17-49
87        </provider>
88
89        <receiver
89-->[androidx.profileinstaller:profileinstaller:1.3.1] AndroidManifest.xml:34:9-52:20
90            android:name="androidx.profileinstaller.ProfileInstallReceiver"
90-->[androidx.profileinstaller:profileinstaller:1.3.1] AndroidManifest.xml:35:13-76
91            android:directBootAware="false"
91-->[androidx.profileinstaller:profileinstaller:1.3.1] AndroidManifest.xml:36:13-44
92            android:enabled="true"
92-->[androidx.profileinstaller:profileinstaller:1.3.1] AndroidManifest.xml:37:13-35
93            android:exported="true"
93-->[androidx.profileinstaller:profileinstaller:1.3.1] AndroidManifest.xml:38:13-36
94            android:permission="android.permission.DUMP" >
94-->[androidx.profileinstaller:profileinstaller:1.3.1] AndroidManifest.xml:39:13-57
95            <intent-filter>
95-->[androidx.profileinstaller:profileinstaller:1.3.1] AndroidManifest.xml:40:13-42:29
96                <action android:name="androidx.profileinstaller.action.INSTALL_PROFILE" />
96-->[androidx.profileinstaller:profileinstaller:1.3.1] AndroidManifest.xml:41:17-91
96-->[androidx.profileinstaller:profileinstaller:1.3.1] AndroidManifest.xml:41:25-88
97            </intent-filter>
98            <intent-filter>
98-->[androidx.profileinstaller:profileinstaller:1.3.1] AndroidManifest.xml:43:13-45:29
99                <action android:name="androidx.profileinstaller.action.SKIP_FILE" />
99-->[androidx.profileinstaller:profileinstaller:1.3.1] AndroidManifest.xml:44:17-85
99-->[androidx.profileinstaller:profileinstaller:1.3.1] AndroidManifest.xml:44:25-82
100            </intent-filter>
101            <intent-filter>
101-->[androidx.profileinstaller:profileinstaller:1.3.1] AndroidManifest.xml:46:13-48:29
102                <action android:name="androidx.profileinstaller.action.SAVE_PROFILE" />
102-->[androidx.profileinstaller:profileinstaller:1.3.1] AndroidManifest.xml:47:17-88
102-->[androidx.profileinstaller:profileinstaller:1.3.1] AndroidManifest.xml:47:25-85
103            </intent-filter>
104            <intent-filter>
104-->[androidx.profileinstaller:profileinstaller:1.3.1] AndroidManifest.xml:49:13-51:29
105                <action android:name="androidx.profileinstaller.action.BENCHMARK_OPERATION" />
105-->[androidx.profileinstaller:profileinstaller:1.3.1] AndroidManifest.xml:50:17-95
105-->[androidx.profileinstaller:profileinstaller:1.3.1] AndroidManifest.xml:50:25-92
106            </intent-filter>
107        </receiver>
108    </application>
109
110</manifest>